<?xml version="1.0" encoding="UTF-8"?>
<!-- Generated by org.testng.reporters.JUnitXMLReporter -->
<testsuite ignored="0" hostname="DESKTOP-65PQJQ3" failures="0" tests="4" name="Default test" time="18.013" errors="0" timestamp="2022-05-11T10:23:26 IST">
  <testcase classname="TestNG.TestNG.T2" name="setUp" time="11.144"/>
  <testcase classname="TestNG.TestNG.T2" name="loginFunctinality" time="5.949"/>
  <testcase classname="TestNG.TestNG.T2" name="verifyTitle" time="0.037"/>
  <testcase classname="TestNG.TestNG.T2" name="tearDown" time="0.779"/>
</testsuite> <!-- Default test -->
