<?xml version="1.0" encoding="UTF-8"?>
<testng-results ignored="0" total="4" passed="4" failed="0" skipped="0">
  <reporter-output>
  </reporter-output>
  <suite started-at="2022-05-11T10:23:08 IST" name="Default suite" finished-at="2022-05-11T10:23:26 IST" duration-ms="18013">
    <groups>
    </groups>
    <test started-at="2022-05-11T10:23:08 IST" name="Default test" finished-at="2022-05-11T10:23:26 IST" duration-ms="18013">
      <class name="TestNG.TestNG.T2">
        <test-method signature="setUp()[pri:0, instance:TestNG.TestNG.T2@37858383]" started-at="2022-05-11T10:23:08 IST" name="setUp" finished-at="2022-05-11T10:23:19 IST" duration-ms="11144" status="PASS">
          <reporter-output>
          </reporter-output>
        </test-method> <!-- setUp -->
        <test-method signature="loginFunctinality()[pri:2, instance:TestNG.TestNG.T2@37858383]" started-at="2022-05-11T10:23:19 IST" name="loginFunctinality" finished-at="2022-05-11T10:23:25 IST" duration-ms="5949" status="PASS">
          <reporter-output>
          </reporter-output>
        </test-method> <!-- loginFunctinality -->
        <test-method signature="verifyTitle()[pri:3, instance:TestNG.TestNG.T2@37858383]" started-at="2022-05-11T10:23:25 IST" name="verifyTitle" finished-at="2022-05-11T10:23:25 IST" duration-ms="37" status="PASS">
          <reporter-output>
          </reporter-output>
        </test-method> <!-- verifyTitle -->
        <test-method signature="tearDown()[pri:4, instance:TestNG.TestNG.T2@37858383]" started-at="2022-05-11T10:23:25 IST" name="tearDown" finished-at="2022-05-11T10:23:26 IST" duration-ms="779" status="PASS">
          <reporter-output>
          </reporter-output>
        </test-method> <!-- tearDown -->
      </class> <!-- TestNG.TestNG.T2 -->
    </test> <!-- Default test -->
  </suite> <!-- Default suite -->
</testng-results>
